==============================================================================
Header :: A test suite for the Header                                         
==============================================================================
VerifyLogo                                                            | FAIL |
Test execution stopped due to a fatal error.
------------------------------------------------------------------------------
VerifyPlay                                                            | FAIL |
Test execution stopped due to a fatal error.
------------------------------------------------------------------------------
VerifyActus                                                           | FAIL |
Test execution stopped due to a fatal error.
------------------------------------------------------------------------------
VerifyHeros                                                           | FAIL |
Test execution stopped due to a fatal error.
------------------------------------------------------------------------------
VerifyLadder                                                          | FAIL |
Test execution stopped due to a fatal error.
------------------------------------------------------------------------------
VerifyForum                                                           | FAIL |
Test execution stopped due to a fatal error.
------------------------------------------------------------------------------
VerifyConnexion                                                       | FAIL |
Test execution stopped due to a fatal error.
------------------------------------------------------------------------------
VerifyInscription                                                     | FAIL |
Test execution stopped due to a fatal error.
------------------------------------------------------------------------------
VerifyTranslate                                                       | FAIL |
Test execution stopped due to a fatal error.
------------------------------------------------------------------------------
Header :: A test suite for the Header                                 | FAIL |
Suite setup failed:
Execution terminated by signal

9 critical tests, 0 passed, 9 failed
9 tests total, 0 passed, 9 failed
==============================================================================
Output:  C:\Users\20012361\OneDrive - ADEO\Profils\Bureau\Automatisation - Waven\Results\pabot_results\Header\output.xml
